[2026-06-10T10:31:01.361+0000] {local_task_job_runner.py:120} INFO - ::group::Pre task execution logs
[2026-06-10T10:31:01.368+0000] {taskinstance.py:2076} INFO - Dependencies all met for dep_context=non-requeueable deps ti=<TaskInstance: velib_pipeline.run_etl_ingest scheduled__2026-06-10T10:25:00+00:00 [queued]>
[2026-06-10T10:31:01.370+0000] {taskinstance.py:2076} INFO - Dependencies all met for dep_context=requeueable deps ti=<TaskInstance: velib_pipeline.run_etl_ingest scheduled__2026-06-10T10:25:00+00:00 [queued]>
[2026-06-10T10:31:01.370+0000] {taskinstance.py:2306} INFO - Starting attempt 2 of 3
[2026-06-10T10:31:01.374+0000] {taskinstance.py:2330} INFO - Executing <Task(PythonOperator): run_etl_ingest> on 2026-06-10 10:25:00+00:00
[2026-06-10T10:31:01.378+0000] {logging_mixin.py:188} WARNING - /home/***/.local/lib/python3.12/site-packages/***/task/task_runner/standard_task_runner.py:61 DeprecationWarning: This process (pid=334) is multi-threaded, use of fork() may lead to deadlocks in the child.
[2026-06-10T10:31:01.377+0000] {standard_task_runner.py:90} INFO - Running: ['***', 'tasks', 'run', 'velib_pipeline', 'run_etl_ingest', 'scheduled__2026-06-10T10:25:00+00:00', '--job-id', '44', '--raw', '--subdir', 'DAGS_FOLDER/velib_pipeline.py', '--cfg-path', '/tmp/tmplaa9iejn']
[2026-06-10T10:31:01.379+0000] {standard_task_runner.py:63} INFO - Started process 335 to run task
[2026-06-10T10:31:01.379+0000] {standard_task_runner.py:91} INFO - Job 44: Subtask run_etl_ingest
[2026-06-10T10:31:01.401+0000] {task_command.py:426} INFO - Running <TaskInstance: velib_pipeline.run_etl_ingest scheduled__2026-06-10T10:25:00+00:00 [running]> on host 2ae0358597ce
[2026-06-10T10:31:01.437+0000] {taskinstance.py:2648} INFO - Exporting env vars: AIRFLOW_CTX_DAG_OWNER='velib-pipeline' AIRFLOW_CTX_DAG_ID='velib_pipeline' AIRFLOW_CTX_TASK_ID='run_etl_ingest' AIRFLOW_CTX_EXECUTION_DATE='2026-06-10T10:25:00+00:00' AIRFLOW_CTX_TRY_NUMBER='2' AIRFLOW_CTX_DAG_RUN_ID='scheduled__2026-06-10T10:25:00+00:00'
[2026-06-10T10:31:01.437+0000] {taskinstance.py:430} INFO - ::endgroup::
[2026-06-10T10:31:01.444+0000] {ingest.py:293} INFO - ═══ Starting Vélib' ETL run ═══
[2026-06-10T10:31:01.444+0000] {ingest.py:53} INFO - Fetching Vélib' data from Paris Open Data …
[2026-06-10T10:31:01.611+0000] {ingest.py:57} INFO - Fetched 1517 station records
[2026-06-10T10:31:01.615+0000] {ingest.py:147} INFO - Transformed 1517 stations (0 skipped)
[2026-06-10T10:31:01.638+0000] {ingest.py:179} INFO - Upserted 1517 station records into raw_stations
[2026-06-10T10:31:01.654+0000] {ingest.py:208} INFO - Inserted 1517 status snapshots into raw_station_status
[2026-06-10T10:31:01.654+0000] {taskinstance.py:441} INFO - ::group::Post task execution logs
[2026-06-10T10:31:01.655+0000] {taskinstance.py:2905} ERROR - Task failed with exception
Traceback (most recent call last):
  File "/home/airflow/.local/lib/python3.12/site-packages/airflow/models/taskinstance.py", line 465, in _execute_task
    result = _execute_callable(context=context, **execute_callable_kwargs)
             ^^^^^^^^^^^^^^^^^^^^^^^^^^^^^^^^^^^^^^^^^^^^^^^^^^^^^^^^^^^^^
  File "/home/airflow/.local/lib/python3.12/site-packages/airflow/models/taskinstance.py", line 432, in _execute_callable
    return execute_callable(context=context, **execute_callable_kwargs)
           ^^^^^^^^^^^^^^^^^^^^^^^^^^^^^^^^^^^^^^^^^^^^^^^^^^^^^^^^^^^^
  File "/home/airflow/.local/lib/python3.12/site-packages/airflow/models/baseoperator.py", line 400, in wrapper
    return func(self, *args, **kwargs)
           ^^^^^^^^^^^^^^^^^^^^^^^^^^^
  File "/home/airflow/.local/lib/python3.12/site-packages/airflow/operators/python.py", line 235, in execute
    return_value = self.execute_callable()
                   ^^^^^^^^^^^^^^^^^^^^^^^
  File "/home/airflow/.local/lib/python3.12/site-packages/airflow/operators/python.py", line 252, in execute_callable
    return self.python_callable(*self.op_args, **self.op_kwargs)
           ^^^^^^^^^^^^^^^^^^^^^^^^^^^^^^^^^^^^^^^^^^^^^^^^^^^^^
  File "/opt/airflow/dags/velib_pipeline.py", line 75, in run_etl
    run_etl()
  File "/opt/airflow/etl/ingest.py", line 301, in run_etl
    refresh_agg_by_arrondissement(conn)
  File "/opt/airflow/etl/ingest.py", line 255, in refresh_agg_by_arrondissement
    cur.execute(sql)
psycopg2.errors.UndefinedColumn: column "numdocksavailable" does not exist
LINE 23:                 numdocksavailable,
                         ^
HINT:  Perhaps you meant to reference the column "raw_station_status.num_docks_available".

[2026-06-10T10:31:01.660+0000] {taskinstance.py:1206} INFO - Marking task as UP_FOR_RETRY. dag_id=velib_pipeline, task_id=run_etl_ingest, run_id=scheduled__2026-06-10T10:25:00+00:00, execution_date=20260610T102500, start_date=20260610T103101, end_date=20260610T103101
[2026-06-10T10:31:01.663+0000] {standard_task_runner.py:110} ERROR - Failed to execute job 44 for task run_etl_ingest (column "numdocksavailable" does not exist
LINE 23:                 numdocksavailable,
                         ^
HINT:  Perhaps you meant to reference the column "raw_station_status.num_docks_available".
; 335)
[2026-06-10T10:31:01.686+0000] {local_task_job_runner.py:240} INFO - Task exited with return code 1
[2026-06-10T10:31:01.695+0000] {taskinstance.py:3498} INFO - 0 downstream tasks scheduled from follow-on schedule check
[2026-06-10T10:31:01.695+0000] {local_task_job_runner.py:222} INFO - ::endgroup::
