[2026-06-10T10:10:00.575+0000] {local_task_job_runner.py:120} INFO - ::group::Pre task execution logs
[2026-06-10T10:10:00.582+0000] {taskinstance.py:2076} INFO - Dependencies all met for dep_context=non-requeueable deps ti=<TaskInstance: velib_pipeline.run_etl_ingest scheduled__2026-06-10T10:05:00+00:00 [queued]>
[2026-06-10T10:10:00.585+0000] {taskinstance.py:2076} INFO - Dependencies all met for dep_context=requeueable deps ti=<TaskInstance: velib_pipeline.run_etl_ingest scheduled__2026-06-10T10:05:00+00:00 [queued]>
[2026-06-10T10:10:00.585+0000] {taskinstance.py:2306} INFO - Starting attempt 1 of 3
[2026-06-10T10:10:00.591+0000] {taskinstance.py:2330} INFO - Executing <Task(PythonOperator): run_etl_ingest> on 2026-06-10 10:05:00+00:00
[2026-06-10T10:10:00.595+0000] {logging_mixin.py:188} WARNING - /home/***/.local/lib/python3.12/site-packages/***/task/task_runner/standard_task_runner.py:61 DeprecationWarning: This process (pid=452) is multi-threaded, use of fork() may lead to deadlocks in the child.
[2026-06-10T10:10:00.594+0000] {standard_task_runner.py:90} INFO - Running: ['***', 'tasks', 'run', 'velib_pipeline', 'run_etl_ingest', 'scheduled__2026-06-10T10:05:00+00:00', '--job-id', '22', '--raw', '--subdir', 'DAGS_FOLDER/velib_pipeline.py', '--cfg-path', '/tmp/tmprikm1bya']
[2026-06-10T10:10:00.598+0000] {standard_task_runner.py:63} INFO - Started process 454 to run task
[2026-06-10T10:10:00.598+0000] {standard_task_runner.py:91} INFO - Job 22: Subtask run_etl_ingest
[2026-06-10T10:10:00.618+0000] {task_command.py:426} INFO - Running <TaskInstance: velib_pipeline.run_etl_ingest scheduled__2026-06-10T10:05:00+00:00 [running]> on host a22e195451f0
[2026-06-10T10:10:00.652+0000] {taskinstance.py:2648} INFO - Exporting env vars: AIRFLOW_CTX_DAG_OWNER='velib-pipeline' AIRFLOW_CTX_DAG_ID='velib_pipeline' AIRFLOW_CTX_TASK_ID='run_etl_ingest' AIRFLOW_CTX_EXECUTION_DATE='2026-06-10T10:05:00+00:00' AIRFLOW_CTX_TRY_NUMBER='1' AIRFLOW_CTX_DAG_RUN_ID='scheduled__2026-06-10T10:05:00+00:00'
[2026-06-10T10:10:00.653+0000] {taskinstance.py:430} INFO - ::endgroup::
[2026-06-10T10:10:00.660+0000] {ingest.py:293} INFO - ═══ Starting Vélib' ETL run ═══
[2026-06-10T10:10:00.660+0000] {ingest.py:53} INFO - Fetching Vélib' data from Paris Open Data …
[2026-06-10T10:10:00.865+0000] {ingest.py:57} INFO - Fetched 1517 station records
[2026-06-10T10:10:00.870+0000] {ingest.py:147} INFO - Transformed 1517 stations (0 skipped)
[2026-06-10T10:10:00.871+0000] {taskinstance.py:441} INFO - ::group::Post task execution logs
[2026-06-10T10:10:00.871+0000] {taskinstance.py:2905} ERROR - Task failed with exception
Traceback (most recent call last):
  File "/home/airflow/.local/lib/python3.12/site-packages/airflow/models/taskinstance.py", line 465, in _execute_task
    result = _execute_callable(context=context, **execute_callable_kwargs)
             ^^^^^^^^^^^^^^^^^^^^^^^^^^^^^^^^^^^^^^^^^^^^^^^^^^^^^^^^^^^^^
  File "/home/airflow/.local/lib/python3.12/site-packages/airflow/models/taskinstance.py", line 432, in _execute_callable
    return execute_callable(context=context, **execute_callable_kwargs)
           ^^^^^^^^^^^^^^^^^^^^^^^^^^^^^^^^^^^^^^^^^^^^^^^^^^^^^^^^^^^^
  File "/home/airflow/.local/lib/python3.12/site-packages/airflow/models/baseoperator.py", line 400, in wrapper
    return func(self, *args, **kwargs)
           ^^^^^^^^^^^^^^^^^^^^^^^^^^^
  File "/home/airflow/.local/lib/python3.12/site-packages/airflow/operators/python.py", line 235, in execute
    return_value = self.execute_callable()
                   ^^^^^^^^^^^^^^^^^^^^^^^
  File "/home/airflow/.local/lib/python3.12/site-packages/airflow/operators/python.py", line 252, in execute_callable
    return self.python_callable(*self.op_args, **self.op_kwargs)
           ^^^^^^^^^^^^^^^^^^^^^^^^^^^^^^^^^^^^^^^^^^^^^^^^^^^^^
  File "/opt/airflow/dags/velib_pipeline.py", line 75, in run_etl
    run_etl()
  File "/opt/airflow/etl/ingest.py", line 297, in run_etl
    conn = get_connection()
           ^^^^^^^^^^^^^^^^
  File "/opt/airflow/etl/ingest.py", line 46, in get_connection
    return psycopg2.connect(**DB_CONFIG)
           ^^^^^^^^^^^^^^^^^^^^^^^^^^^^^
  File "/home/airflow/.local/lib/python3.12/site-packages/psycopg2/__init__.py", line 122, in connect
    conn = _connect(dsn, connection_factory=connection_factory, **kwasync)
           ^^^^^^^^^^^^^^^^^^^^^^^^^^^^^^^^^^^^^^^^^^^^^^^^^^^^^^^^^^^^^^^
psycopg2.OperationalError: connection to server at "localhost" (::1), port 5432 failed: Connection refused
	Is the server running on that host and accepting TCP/IP connections?
connection to server at "localhost" (127.0.0.1), port 5432 failed: Connection refused
	Is the server running on that host and accepting TCP/IP connections?

[2026-06-10T10:10:00.877+0000] {taskinstance.py:1206} INFO - Marking task as UP_FOR_RETRY. dag_id=velib_pipeline, task_id=run_etl_ingest, run_id=scheduled__2026-06-10T10:05:00+00:00, execution_date=20260610T100500, start_date=20260610T101000, end_date=20260610T101000
[2026-06-10T10:10:00.882+0000] {standard_task_runner.py:110} ERROR - Failed to execute job 22 for task run_etl_ingest (connection to server at "localhost" (::1), port 5432 failed: Connection refused
	Is the server running on that host and accepting TCP/IP connections?
connection to server at "localhost" (127.0.0.1), port 5432 failed: Connection refused
	Is the server running on that host and accepting TCP/IP connections?
; 454)
[2026-06-10T10:10:00.906+0000] {local_task_job_runner.py:240} INFO - Task exited with return code 1
[2026-06-10T10:10:00.917+0000] {taskinstance.py:3498} INFO - 0 downstream tasks scheduled from follow-on schedule check
[2026-06-10T10:10:00.917+0000] {local_task_job_runner.py:222} INFO - ::endgroup::
