[2026-06-10T11:03:53.854+0000] {local_task_job_runner.py:120} INFO - ::group::Pre task execution logs
[2026-06-10T11:03:53.861+0000] {taskinstance.py:2076} INFO - Dependencies all met for dep_context=non-requeueable deps ti=<TaskInstance: velib_pipeline.run_etl_ingest manual__2026-06-10T11:03:53.429611+00:00 [queued]>
[2026-06-10T11:03:53.865+0000] {taskinstance.py:2076} INFO - Dependencies all met for dep_context=requeueable deps ti=<TaskInstance: velib_pipeline.run_etl_ingest manual__2026-06-10T11:03:53.429611+00:00 [queued]>
[2026-06-10T11:03:53.865+0000] {taskinstance.py:2306} INFO - Starting attempt 1 of 3
[2026-06-10T11:03:53.873+0000] {taskinstance.py:2330} INFO - Executing <Task(PythonOperator): run_etl_ingest> on 2026-06-10 11:03:53.429611+00:00
[2026-06-10T11:03:53.878+0000] {logging_mixin.py:188} WARNING - /home/***/.local/lib/python3.12/site-packages/***/task/task_runner/standard_task_runner.py:61 DeprecationWarning: This process (pid=772) is multi-threaded, use of fork() may lead to deadlocks in the child.
[2026-06-10T11:03:53.879+0000] {standard_task_runner.py:63} INFO - Started process 773 to run task
[2026-06-10T11:03:53.878+0000] {standard_task_runner.py:90} INFO - Running: ['***', 'tasks', 'run', 'velib_pipeline', 'run_etl_ingest', 'manual__2026-06-10T11:03:53.429611+00:00', '--job-id', '95', '--raw', '--subdir', 'DAGS_FOLDER/velib_pipeline.py', '--cfg-path', '/tmp/tmpkv3szprd']
[2026-06-10T11:03:53.880+0000] {standard_task_runner.py:91} INFO - Job 95: Subtask run_etl_ingest
[2026-06-10T11:03:53.911+0000] {task_command.py:426} INFO - Running <TaskInstance: velib_pipeline.run_etl_ingest manual__2026-06-10T11:03:53.429611+00:00 [running]> on host 2ae0358597ce
[2026-06-10T11:03:53.953+0000] {taskinstance.py:2648} INFO - Exporting env vars: AIRFLOW_CTX_DAG_OWNER='velib-pipeline' AIRFLOW_CTX_DAG_ID='velib_pipeline' AIRFLOW_CTX_TASK_ID='run_etl_ingest' AIRFLOW_CTX_EXECUTION_DATE='2026-06-10T11:03:53.429611+00:00' AIRFLOW_CTX_TRY_NUMBER='1' AIRFLOW_CTX_DAG_RUN_ID='manual__2026-06-10T11:03:53.429611+00:00'
[2026-06-10T11:03:53.954+0000] {taskinstance.py:430} INFO - ::endgroup::
[2026-06-10T11:03:53.961+0000] {ingest.py:240} INFO - ═══ Starting Vélib' ETL run ═══
[2026-06-10T11:03:53.961+0000] {ingest.py:38} INFO - Fetching Vélib' data from Paris Open Data …
[2026-06-10T11:03:54.141+0000] {ingest.py:42} INFO - Fetched 1517 station records
[2026-06-10T11:03:54.145+0000] {ingest.py:111} INFO - Transformed 1517 stations (0 skipped)
[2026-06-10T11:03:54.170+0000] {ingest.py:138} INFO - Upserted 1517 station records into raw_stations
[2026-06-10T11:03:54.188+0000] {ingest.py:161} INFO - Inserted 1517 status snapshots into raw_station_status
[2026-06-10T11:03:54.193+0000] {ingest.py:207} INFO - Refreshed agg_availability_by_arrondissement
[2026-06-10T11:03:54.210+0000] {ingest.py:236} INFO - Refreshed agg_hourly_trend
[2026-06-10T11:03:54.210+0000] {ingest.py:253} INFO - ═══ ETL run complete ═══
[2026-06-10T11:03:54.211+0000] {python.py:237} INFO - Done. Returned value was: None
[2026-06-10T11:03:54.211+0000] {taskinstance.py:441} INFO - ::group::Post task execution logs
[2026-06-10T11:03:54.217+0000] {taskinstance.py:1206} INFO - Marking task as SUCCESS. dag_id=velib_pipeline, task_id=run_etl_ingest, run_id=manual__2026-06-10T11:03:53.429611+00:00, execution_date=20260610T110353, start_date=20260610T110353, end_date=20260610T110354
[2026-06-10T11:03:54.265+0000] {local_task_job_runner.py:240} INFO - Task exited with return code 0
[2026-06-10T11:03:54.278+0000] {taskinstance.py:3498} INFO - 2 downstream tasks scheduled from follow-on schedule check
[2026-06-10T11:03:54.279+0000] {local_task_job_runner.py:222} INFO - ::endgroup::
